app/admin/components/ApplicationTable.tsx(24,20): error TS2552: Cannot find name 'useRouter'. Did you mean 'router'?
components/DynamicForm.tsx(59,59): error TS2345: Argument of type 'string | undefined' is not assignable to parameter of type 'string'.
  Type 'undefined' is not assignable to type 'string'.
components/DynamicForm.tsx(94,31): error TS2339: Property 'width' does not exist on type '{ name: string; label: string; type: string; required?: boolean | undefined; options?: string[] | undefined; validation?: any; }'.
components/DynamicForm.tsx(95,35): error TS2339: Property 'width' does not exist on type '{ name: string; label: string; type: string; required?: boolean | undefined; options?: string[] | undefined; validation?: any; }'.
components/DynamicForm.tsx(99,41): error TS2339: Property 'id' does not exist on type '{ name: string; label: string; type: string; required?: boolean | undefined; options?: string[] | undefined; validation?: any; }'.
components/DynamicForm.tsx(108,56): error TS2339: Property 'placeholder' does not exist on type '{ name: string; label: string; type: string; required?: boolean | undefined; options?: string[] | undefined; validation?: any; }'.
components/DynamicForm.tsx(130,60): error TS2339: Property 'id' does not exist on type '{ name: string; label: string; type: string; required?: boolean | undefined; options?: string[] | undefined; validation?: any; }'.
components/DynamicForm.tsx(135,68): error TS2339: Property 'id' does not exist on type '{ name: string; label: string; type: string; required?: boolean | undefined; options?: string[] | undefined; validation?: any; }'.
components/DynamicForm.tsx(136,48): error TS2339: Property 'placeholder' does not exist on type '{ name: string; label: string; type: string; required?: boolean | undefined; options?: string[] | undefined; validation?: any; }'.
components/DynamicForm.tsx(144,56): error TS2339: Property 'placeholder' does not exist on type '{ name: string; label: string; type: string; required?: boolean | undefined; options?: string[] | undefined; validation?: any; }'.
next.config.ts(4,3): error TS2353: Object literal may only specify known properties, and 'eslint' does not exist in type 'NextConfig'.
